debug: GET - /login - 13:24:39
error: errrrr
error: errrrr
error: errrrr
debug: GET - /css/main.css - 13:24:39
debug: GET - / - 14:31:23
debug: GET - /login - 14:31:23
error: errrrr
error: errrrr
error: errrrr
debug: GET - /css/main.css - 14:31:23
debug: GET - /favicon.ico - 14:31:23
debug: POST - /sessions/register - 16:54:27
debug: POST - /sessions/register - 17:16:54
debug: POST - /sessions/register - 17:21:52
debug: POST - /sessions/register - 17:23:56
debug: POST - /sessions/register - 17:24:56
debug: POST - /sessions/register - 17:27:03
debug: POST - /sessions/register - 17:27:37
debug: POST - /sessions/register - 17:27:51
debug: POST - /sessions/register - 17:29:30
debug: POST - /sessions/register - 17:30:01
debug: DELETE - /sessions/delete/6587432ae98686e74413c298 - 17:32:13
debug: POST - /sessions/register - 17:32:13
debug: POST - /sessions/register - 17:33:26
debug: POST - /sessions/register - 17:34:58
debug: DELETE - /users/delete/65874472f821751ee785a3fe - 17:35:22
debug: POST - /sessions/register - 17:35:22
debug: POST - /sessions/register - 17:36:17
debug: POST - /sessions/register - 17:37:41
debug: POST - /sessions/register - 17:41:54
debug: DELETE - /users/6587461230915d834a1c3dfa - 17:47:09
debug: POST - /sessions/register - 17:53:13
debug: POST - /sessions/register - 17:54:32
debug: DELETE - /users/undefined - 17:55:43
debug: DELETE - /users/undefined - 17:57:06
debug: DELETE - /users/undefined - 17:58:11
debug: DELETE - /users/65874908ef2a24c63cdea126 - 17:58:23
debug: POST - /sessions/register - 18:03:06
debug: POST - /sessions/register - 18:04:28
debug: DELETE - /users/65874b5c4040800959cbf19b - 18:04:35
debug: POST - /sessions/register - 18:10:18
debug: DELETE - /users/65874cba77b826938ee841d9 - 18:10:19
debug: POST - /sessions/register - 18:18:48
debug: DELETE - /users/65874eb8b5c71fbec09b3a47 - 18:18:48
debug: POST - /sessions/register - 18:19:53
debug: DELETE - /users/65874ef921736dab1bb376d9 - 18:19:54
debug: POST - /sessions/register - 18:22:04
debug: DELETE - /users/65874f7d99cab3d75af3bcc6 - 18:22:05
debug: POST - /sessions/register - 18:23:01
debug: DELETE - /users/65874fb5e683c46ec893355b - 18:23:02
debug: POST - /sessions/register - 18:26:26
debug: DELETE - /users/658750826937d45a2df31397 - 18:26:26
debug: POST - /sessions/register - 18:48:36
debug: POST - /sessions/register - 18:51:52
debug: POST - /sessions/register - 18:52:14
debug: POST - /sessions/register - 18:58:41
debug: POST - /sessions/register - 18:59:30
debug: POST - /sessions/register - 19:00:28
debug: POST - /sessions/register - 19:10:53
debug: PUT - /products/64fb34f8e47435b56ed1dfed - 19:10:53
debug: DELETE - /users/658755b436d69603479baf03 - 19:10:53
debug: POST - /sessions/register - 19:13:16
debug: PUT - /products/64fb34f8e47435b56ed1dfed - 19:13:16
debug: DELETE - /users/65875b7c3c759a2ef94dd98d - 19:13:16
debug: POST - /sessions/register - 19:14:08
debug: DELETE - /users/65875bb022e6d7ef5c0efa2e - 19:14:08
debug: POST - /sessions/register - 19:14:48
debug: DELETE - /users/65875bd8e7752db53ba741bb - 19:14:48
debug: POST - /sessions/register - 19:15:42
debug: DELETE - /users/65875c0ec7efe19c28357946 - 19:15:42
debug: POST - /sessions/register - 19:15:53
debug: DELETE - /users/65875c1986bc848405503245 - 19:15:54
debug: POST - /sessions/register - 19:16:50
debug: DELETE - /users/65875c522800c14363c0393c - 19:16:50
debug: POST - /sessions/register - 19:17:42
debug: DELETE - /users/65875c86bca7e7a874d76abd - 19:17:42
debug: POST - /sessions/register - 19:19:45
debug: PUT - /products/64fb34f8e47435b56ed1dfed - 19:19:45
debug: DELETE - /users/65875d01a07c79b2753cc0c7 - 19:19:45
debug: POST - /sessions/register - 19:20:28
debug: PUT - /products/64fb34f8e47435b56ed1dfed - 19:20:29
debug: DELETE - /users/65875d2d50196ef27a2ef1b2 - 19:20:29
debug: POST - /sessions/register - 19:21:27
debug: PUT - /products/64fb34f8e47435b56ed1dfed - 19:21:28
debug: DELETE - /users/65875d67f37abee6a39ed0de - 19:21:28
debug: POST - /sessions/register - 19:21:35
debug: PUT - /products/64fb34f8e47435b56ed1dfed - 19:21:35
debug: DELETE - /users/65875d6f726baa5a14852266 - 19:21:35
debug: POST - /sessions/register - 19:21:50
debug: PUT - /products/64fb34f8e47435b56ed1dfed - 19:21:51
debug: DELETE - /users/65875d7f36638bd1cbe40c1b - 19:21:51
debug: POST - /sessions/register - 19:35:48
debug: PUT - /products/64fb34f8e47435b56ed1dfed - 19:35:49
debug: DELETE - /users/658760c42bf646f79c967443 - 19:35:49
debug: POST - /sessions/register - 19:36:12
debug: PUT - /products/64fb34f8e47435b56ed1dfed - 19:36:12
debug: DELETE - /users/658760dcef81200d22988d83 - 19:36:12
debug: POST - /sessions/register - 19:36:35
debug: PUT - /products/64fb34f8e47435b56ed1dfed - 19:36:35
debug: DELETE - /users/658760f3686f4842b6963914 - 19:36:35
debug: POST - /sessions/register - 19:36:55
debug: PUT - /products/64fb34f8e47435b56ed1dfed - 19:36:56
debug: DELETE - /users/6587610796a69d2ce5f8c158 - 19:36:56
debug: POST - /sessions/register - 19:39:26
debug: PUT - /products/64fb34f8e47435b56ed1dfed - 19:39:27
debug: DELETE - /users/6587619effd5d9cfda1c45a7 - 19:39:27
debug: POST - /sessions/register - 19:40:24
debug: PUT - /products/64fb34f8e47435b56ed1dfed - 19:40:24
debug: DELETE - /users/658761d879c4011c3f34caa6 - 19:40:24
debug: POST - /sessions/register - 19:43:49
debug: PUT - /products/64fb34f8e47435b56ed1dfed - 19:43:49
debug: DELETE - /users/658762a5b5ef076734f20921 - 19:43:49
